mode: atomic
github.com/aaronangxz/SeaDinner/Processors/init.go:25.16,27.16 2 1
github.com/aaronangxz/SeaDinner/Processors/init.go:27.16,29.3 1 0
github.com/aaronangxz/SeaDinner/Processors/init.go:32.32,35.2 2 0
github.com/aaronangxz/SeaDinner/Processors/init.go:37.13,41.63 3 0
github.com/aaronangxz/SeaDinner/Processors/init.go:48.2,48.13 1 0
github.com/aaronangxz/SeaDinner/Processors/init.go:41.63,44.3 2 0
github.com/aaronangxz/SeaDinner/Processors/init.go:44.8,47.3 2 0
github.com/aaronangxz/SeaDinner/Processors/init.go:51.18,57.63 2 0
github.com/aaronangxz/SeaDinner/Processors/init.go:62.2,67.16 2 0
github.com/aaronangxz/SeaDinner/Processors/init.go:70.2,71.11 2 0
github.com/aaronangxz/SeaDinner/Processors/init.go:57.63,60.3 2 0
github.com/aaronangxz/SeaDinner/Processors/init.go:67.16,69.3 1 0
github.com/aaronangxz/SeaDinner/Processors/init.go:74.21,80.16 4 0
github.com/aaronangxz/SeaDinner/Processors/init.go:85.2,86.9 2 0
github.com/aaronangxz/SeaDinner/Processors/init.go:80.16,82.42 2 0
github.com/aaronangxz/SeaDinner/Processors/init.go:89.25,95.16 4 0
github.com/aaronangxz/SeaDinner/Processors/init.go:100.2,101.9 2 0
github.com/aaronangxz/SeaDinner/Processors/init.go:95.16,97.47 2 0
github.com/aaronangxz/SeaDinner/Processors/init.go:104.21,114.41 4 0
github.com/aaronangxz/SeaDinner/Processors/init.go:117.2,118.19 2 0
github.com/aaronangxz/SeaDinner/Processors/init.go:114.41,116.3 1 0
github.com/aaronangxz/SeaDinner/Processors/init.go:121.25,131.41 4 0
github.com/aaronangxz/SeaDinner/Processors/init.go:134.2,135.19 2 0
github.com/aaronangxz/SeaDinner/Processors/init.go:131.41,133.3 1 0
github.com/aaronangxz/SeaDinner/Processors/order.go:19.94,29.63 4 0
github.com/aaronangxz/SeaDinner/Processors/order.go:40.2,43.57 3 0
github.com/aaronangxz/SeaDinner/Processors/order.go:68.2,74.29 2 0
github.com/aaronangxz/SeaDinner/Processors/order.go:89.2,89.23 1 0
github.com/aaronangxz/SeaDinner/Processors/order.go:29.63,38.3 2 0
github.com/aaronangxz/SeaDinner/Processors/order.go:43.57,52.17 3 0
github.com/aaronangxz/SeaDinner/Processors/order.go:57.3,57.56 1 0
github.com/aaronangxz/SeaDinner/Processors/order.go:61.3,61.30 1 0
github.com/aaronangxz/SeaDinner/Processors/order.go:65.3,65.73 1 0
github.com/aaronangxz/SeaDinner/Processors/order.go:52.17,54.12 2 0
github.com/aaronangxz/SeaDinner/Processors/order.go:57.56,59.4 1 0
github.com/aaronangxz/SeaDinner/Processors/order.go:61.30,63.9 2 0
github.com/aaronangxz/SeaDinner/Processors/order.go:74.29,76.24 2 0
github.com/aaronangxz/SeaDinner/Processors/order.go:81.3,81.45 1 0
github.com/aaronangxz/SeaDinner/Processors/order.go:76.24,78.4 1 0
github.com/aaronangxz/SeaDinner/Processors/order.go:78.9,80.4 1 0
github.com/aaronangxz/SeaDinner/Processors/order.go:82.8,88.3 4 0
github.com/aaronangxz/SeaDinner/Processors/order.go:94.79,105.33 6 0
github.com/aaronangxz/SeaDinner/Processors/order.go:122.2,126.51 4 0
github.com/aaronangxz/SeaDinner/Processors/order.go:105.33,106.45 1 0
github.com/aaronangxz/SeaDinner/Processors/order.go:111.3,112.44 2 0
github.com/aaronangxz/SeaDinner/Processors/order.go:106.45,108.12 2 0
github.com/aaronangxz/SeaDinner/Processors/order.go:112.44,118.4 4 0
github.com/aaronangxz/SeaDinner/Processors/order.go:129.87,139.33 5 0
github.com/aaronangxz/SeaDinner/Processors/order.go:162.2,166.59 4 0
github.com/aaronangxz/SeaDinner/Processors/order.go:139.33,140.46 1 0
github.com/aaronangxz/SeaDinner/Processors/order.go:145.3,146.44 2 0
github.com/aaronangxz/SeaDinner/Processors/order.go:140.46,142.12 2 0
github.com/aaronangxz/SeaDinner/Processors/order.go:146.44,150.8 3 0
github.com/aaronangxz/SeaDinner/Processors/order.go:150.8,151.39 1 0
github.com/aaronangxz/SeaDinner/Processors/order.go:151.39,155.11 4 0
github.com/aaronangxz/SeaDinner/Processors/order.go:170.56,174.20 3 0
github.com/aaronangxz/SeaDinner/Processors/order.go:178.2,178.81 1 0
github.com/aaronangxz/SeaDinner/Processors/order.go:174.20,177.3 2 0
github.com/aaronangxz/SeaDinner/Processors/order.go:178.81,180.3 1 0
github.com/aaronangxz/SeaDinner/Processors/order.go:184.75,192.16 5 0
github.com/aaronangxz/SeaDinner/Processors/order.go:195.2,201.77 5 0
github.com/aaronangxz/SeaDinner/Processors/order.go:204.2,204.82 1 0
github.com/aaronangxz/SeaDinner/Processors/order.go:192.16,194.3 1 0
github.com/aaronangxz/SeaDinner/Processors/order.go:201.77,203.3 1 0
github.com/aaronangxz/SeaDinner/Processors/order.go:208.38,217.35 6 0
github.com/aaronangxz/SeaDinner/Processors/order.go:221.2,223.16 3 0
github.com/aaronangxz/SeaDinner/Processors/order.go:217.35,219.3 1 0
github.com/aaronangxz/SeaDinner/Processors/prepare_order.go:15.58,22.19 4 0
github.com/aaronangxz/SeaDinner/Processors/prepare_order.go:33.2,39.58 5 0
github.com/aaronangxz/SeaDinner/Processors/prepare_order.go:44.2,44.27 1 0
github.com/aaronangxz/SeaDinner/Processors/prepare_order.go:51.2,52.21 2 0
github.com/aaronangxz/SeaDinner/Processors/prepare_order.go:22.19,24.16 1 0
github.com/aaronangxz/SeaDinner/Processors/prepare_order.go:27.3,27.18 1 0
github.com/aaronangxz/SeaDinner/Processors/prepare_order.go:31.3,31.22 1 0
github.com/aaronangxz/SeaDinner/Processors/prepare_order.go:24.16,25.12 1 0
github.com/aaronangxz/SeaDinner/Processors/prepare_order.go:27.18,29.12 2 0
github.com/aaronangxz/SeaDinner/Processors/prepare_order.go:39.58,42.3 2 0
github.com/aaronangxz/SeaDinner/Processors/prepare_order.go:44.27,45.34 1 0
github.com/aaronangxz/SeaDinner/Processors/prepare_order.go:45.34,48.4 2 0
github.com/aaronangxz/SeaDinner/Processors/util.go:21.35,22.15 1 3
github.com/aaronangxz/SeaDinner/Processors/util.go:27.2,28.24 2 2
github.com/aaronangxz/SeaDinner/Processors/util.go:32.2,32.62 1 1
github.com/aaronangxz/SeaDinner/Processors/util.go:22.15,25.3 2 1
github.com/aaronangxz/SeaDinner/Processors/util.go:28.24,31.3 2 1
github.com/aaronangxz/SeaDinner/Processors/util.go:36.41,38.13 2 6
github.com/aaronangxz/SeaDinner/Processors/util.go:52.2,52.11 1 1
github.com/aaronangxz/SeaDinner/Processors/util.go:39.43,40.44 1 1
github.com/aaronangxz/SeaDinner/Processors/util.go:41.40,42.16 1 3
github.com/aaronangxz/SeaDinner/Processors/util.go:45.3,45.47 1 1
github.com/aaronangxz/SeaDinner/Processors/util.go:46.41,47.16 1 1
github.com/aaronangxz/SeaDinner/Processors/util.go:50.3,50.48 1 1
github.com/aaronangxz/SeaDinner/Processors/util.go:42.16,44.4 1 2
github.com/aaronangxz/SeaDinner/Processors/util.go:47.16,49.4 1 0
github.com/aaronangxz/SeaDinner/Processors/util.go:56.63,60.30 2 1
github.com/aaronangxz/SeaDinner/Processors/util.go:66.2,71.42 6 1
github.com/aaronangxz/SeaDinner/Processors/util.go:60.30,61.57 1 2
github.com/aaronangxz/SeaDinner/Processors/util.go:61.57,63.4 1 1
github.com/aaronangxz/SeaDinner/Processors/util.go:75.33,76.13 1 10
github.com/aaronangxz/SeaDinner/Processors/util.go:81.2,81.15 1 9
github.com/aaronangxz/SeaDinner/Processors/util.go:85.2,85.25 1 8
github.com/aaronangxz/SeaDinner/Processors/util.go:90.2,90.25 1 6
github.com/aaronangxz/SeaDinner/Processors/util.go:95.2,95.14 1 1
github.com/aaronangxz/SeaDinner/Processors/util.go:76.13,78.3 1 1
github.com/aaronangxz/SeaDinner/Processors/util.go:81.15,83.3 1 1
github.com/aaronangxz/SeaDinner/Processors/util.go:85.25,86.29 1 35
github.com/aaronangxz/SeaDinner/Processors/util.go:86.29,88.4 1 2
github.com/aaronangxz/SeaDinner/Processors/util.go:90.25,91.30 1 13
github.com/aaronangxz/SeaDinner/Processors/util.go:91.30,93.4 1 5
github.com/aaronangxz/SeaDinner/Processors/util.go:99.84,107.16 4 4
github.com/aaronangxz/SeaDinner/Processors/util.go:113.2,114.16 2 4
github.com/aaronangxz/SeaDinner/Processors/util.go:119.2,120.58 2 4
github.com/aaronangxz/SeaDinner/Processors/util.go:126.2,127.38 2 4
github.com/aaronangxz/SeaDinner/Processors/util.go:107.16,108.21 1 0
github.com/aaronangxz/SeaDinner/Processors/util.go:114.16,115.21 1 0
github.com/aaronangxz/SeaDinner/Processors/util.go:120.58,121.21 1 0
github.com/aaronangxz/SeaDinner/Processors/util.go:131.84,138.16 4 3
github.com/aaronangxz/SeaDinner/Processors/util.go:143.2,144.16 2 3
github.com/aaronangxz/SeaDinner/Processors/util.go:149.2,156.16 4 3
github.com/aaronangxz/SeaDinner/Processors/util.go:159.2,159.26 1 3
github.com/aaronangxz/SeaDinner/Processors/util.go:138.16,139.21 1 0
github.com/aaronangxz/SeaDinner/Processors/util.go:144.16,145.21 1 0
github.com/aaronangxz/SeaDinner/Processors/util.go:156.16,157.21 1 0
github.com/aaronangxz/SeaDinner/Processors/util.go:163.23,165.44 2 2
github.com/aaronangxz/SeaDinner/Processors/util.go:168.2,168.34 1 2
github.com/aaronangxz/SeaDinner/Processors/util.go:165.44,166.21 1 0
github.com/aaronangxz/SeaDinner/Processors/util.go:172.45,175.19 2 3
github.com/aaronangxz/SeaDinner/Processors/util.go:182.2,185.15 4 3
github.com/aaronangxz/SeaDinner/Processors/util.go:175.19,176.31 1 24
github.com/aaronangxz/SeaDinner/Processors/util.go:179.3,179.19 1 18
github.com/aaronangxz/SeaDinner/Processors/util.go:176.31,177.12 1 6
github.com/aaronangxz/SeaDinner/Processors/get_day_id.go:16.28,25.21 3 0
github.com/aaronangxz/SeaDinner/Processors/get_day_id.go:36.2,46.16 3 0
github.com/aaronangxz/SeaDinner/Processors/get_day_id.go:50.2,52.107 2 0
github.com/aaronangxz/SeaDinner/Processors/get_day_id.go:58.2,58.75 1 0
github.com/aaronangxz/SeaDinner/Processors/get_day_id.go:64.2,64.18 1 0
github.com/aaronangxz/SeaDinner/Processors/get_day_id.go:25.21,26.28 1 0
github.com/aaronangxz/SeaDinner/Processors/get_day_id.go:26.28,28.4 1 0
github.com/aaronangxz/SeaDinner/Processors/get_day_id.go:28.9,30.4 1 0
github.com/aaronangxz/SeaDinner/Processors/get_day_id.go:31.8,34.3 2 0
github.com/aaronangxz/SeaDinner/Processors/get_day_id.go:46.16,48.3 1 0
github.com/aaronangxz/SeaDinner/Processors/get_day_id.go:52.107,55.3 2 0
github.com/aaronangxz/SeaDinner/Processors/get_day_id.go:58.75,60.3 1 0
github.com/aaronangxz/SeaDinner/Processors/get_day_id.go:60.8,62.3 1 0
github.com/aaronangxz/SeaDinner/Processors/get_menu.go:20.75,32.16 5 0
github.com/aaronangxz/SeaDinner/Processors/get_menu.go:36.2,37.19 2 0
github.com/aaronangxz/SeaDinner/Processors/get_menu.go:32.16,34.3 1 0
github.com/aaronangxz/SeaDinner/Processors/get_menu.go:41.85,52.21 5 0
github.com/aaronangxz/SeaDinner/Processors/get_menu.go:69.2,74.16 2 0
github.com/aaronangxz/SeaDinner/Processors/get_menu.go:79.2,80.16 2 0
github.com/aaronangxz/SeaDinner/Processors/get_menu.go:84.2,84.70 1 0
github.com/aaronangxz/SeaDinner/Processors/get_menu.go:90.2,91.19 2 0
github.com/aaronangxz/SeaDinner/Processors/get_menu.go:52.21,53.28 1 0
github.com/aaronangxz/SeaDinner/Processors/get_menu.go:53.28,55.4 1 0
github.com/aaronangxz/SeaDinner/Processors/get_menu.go:55.9,57.4 1 0
github.com/aaronangxz/SeaDinner/Processors/get_menu.go:58.8,61.17 3 0
github.com/aaronangxz/SeaDinner/Processors/get_menu.go:61.17,63.4 1 0
github.com/aaronangxz/SeaDinner/Processors/get_menu.go:63.9,66.4 2 0
github.com/aaronangxz/SeaDinner/Processors/get_menu.go:74.16,76.3 1 0
github.com/aaronangxz/SeaDinner/Processors/get_menu.go:80.16,82.3 1 0
github.com/aaronangxz/SeaDinner/Processors/get_menu.go:84.70,86.3 1 0
github.com/aaronangxz/SeaDinner/Processors/get_menu.go:86.8,88.3 1 0
github.com/aaronangxz/SeaDinner/Processors/get_menu.go:95.93,107.21 5 0
github.com/aaronangxz/SeaDinner/Processors/get_menu.go:112.2,113.54 2 0
github.com/aaronangxz/SeaDinner/Processors/get_menu.go:121.2,121.32 1 0
github.com/aaronangxz/SeaDinner/Processors/get_menu.go:132.2,132.22 1 0
github.com/aaronangxz/SeaDinner/Processors/get_menu.go:142.2,142.19 1 0
github.com/aaronangxz/SeaDinner/Processors/get_menu.go:107.21,110.3 2 0
github.com/aaronangxz/SeaDinner/Processors/get_menu.go:113.54,114.34 1 0
github.com/aaronangxz/SeaDinner/Processors/get_menu.go:114.34,116.4 1 0
github.com/aaronangxz/SeaDinner/Processors/get_menu.go:116.9,118.4 1 0
github.com/aaronangxz/SeaDinner/Processors/get_menu.go:121.32,124.23 2 0
github.com/aaronangxz/SeaDinner/Processors/get_menu.go:124.23,128.4 3 0
github.com/aaronangxz/SeaDinner/Processors/get_menu.go:132.22,140.3 7 0
github.com/aaronangxz/SeaDinner/Processors/get_menu.go:145.22,148.21 2 0
github.com/aaronangxz/SeaDinner/Processors/get_menu.go:148.21,149.10 1 0
github.com/aaronangxz/SeaDinner/Processors/get_menu.go:149.10,156.47 5 0
github.com/aaronangxz/SeaDinner/Processors/get_menu.go:156.47,162.19 5 0
github.com/aaronangxz/SeaDinner/Processors/get_menu.go:167.5,167.73 1 0
github.com/aaronangxz/SeaDinner/Processors/get_menu.go:162.19,164.6 1 0
github.com/aaronangxz/SeaDinner/Processors/get_menu.go:167.73,169.6 1 0
github.com/aaronangxz/SeaDinner/Processors/get_menu.go:169.11,171.6 1 0
github.com/aaronangxz/SeaDinner/Processors/get_time.go:21.43,23.2 1 6
github.com/aaronangxz/SeaDinner/Processors/get_time.go:26.31,30.2 3 1
github.com/aaronangxz/SeaDinner/Processors/get_time.go:33.42,37.2 3 1
github.com/aaronangxz/SeaDinner/Processors/get_time.go:41.47,43.2 1 1
github.com/aaronangxz/SeaDinner/Processors/get_time.go:46.55,48.2 1 1
github.com/aaronangxz/SeaDinner/Processors/get_time.go:51.56,53.2 1 1
github.com/aaronangxz/SeaDinner/Processors/get_time.go:56.51,58.2 1 1
github.com/aaronangxz/SeaDinner/Processors/get_time.go:61.25,63.2 1 0
github.com/aaronangxz/SeaDinner/Processors/get_time.go:66.23,69.2 2 0
github.com/aaronangxz/SeaDinner/Processors/get_time.go:72.25,74.2 1 0
github.com/aaronangxz/SeaDinner/Processors/get_time.go:77.33,81.2 3 0
github.com/aaronangxz/SeaDinner/Processors/get_time.go:84.30,88.2 3 0
github.com/aaronangxz/SeaDinner/Processors/get_time.go:91.25,104.16 5 0
github.com/aaronangxz/SeaDinner/Processors/get_time.go:108.2,108.37 1 0
github.com/aaronangxz/SeaDinner/Processors/get_time.go:104.16,106.3 1 0
github.com/aaronangxz/SeaDinner/Processors/get_time.go:112.55,122.2 7 2
github.com/aaronangxz/SeaDinner/Processors/get_time.go:125.32,127.2 1 0
github.com/aaronangxz/SeaDinner/Processors/get_time.go:130.29,134.2 1 0
github.com/aaronangxz/SeaDinner/Processors/get_time.go:137.25,139.2 1 0
