mode: atomic
github.com/aaronangxz/SeaDinner/Bot/handlers.go:18.30,25.13 2 3
github.com/aaronangxz/SeaDinner/Bot/handlers.go:31.2,32.21 2 3
github.com/aaronangxz/SeaDinner/Bot/handlers.go:50.2,50.126 1 2
github.com/aaronangxz/SeaDinner/Bot/handlers.go:55.2,56.16 2 1
github.com/aaronangxz/SeaDinner/Bot/handlers.go:60.2,60.81 1 1
github.com/aaronangxz/SeaDinner/Bot/handlers.go:66.2,66.36 1 1
github.com/aaronangxz/SeaDinner/Bot/handlers.go:25.13,28.3 2 0
github.com/aaronangxz/SeaDinner/Bot/handlers.go:32.21,33.28 1 2
github.com/aaronangxz/SeaDinner/Bot/handlers.go:33.28,35.4 1 2
github.com/aaronangxz/SeaDinner/Bot/handlers.go:35.9,37.4 1 0
github.com/aaronangxz/SeaDinner/Bot/handlers.go:38.8,41.17 3 1
github.com/aaronangxz/SeaDinner/Bot/handlers.go:41.17,43.4 1 0
github.com/aaronangxz/SeaDinner/Bot/handlers.go:43.9,46.4 2 1
github.com/aaronangxz/SeaDinner/Bot/handlers.go:50.126,52.3 1 1
github.com/aaronangxz/SeaDinner/Bot/handlers.go:56.16,58.3 1 0
github.com/aaronangxz/SeaDinner/Bot/handlers.go:60.81,62.3 1 0
github.com/aaronangxz/SeaDinner/Bot/handlers.go:62.8,64.3 1 1
github.com/aaronangxz/SeaDinner/Bot/handlers.go:71.40,78.13 2 3
github.com/aaronangxz/SeaDinner/Bot/handlers.go:84.2,85.21 2 3
github.com/aaronangxz/SeaDinner/Bot/handlers.go:103.2,103.126 1 2
github.com/aaronangxz/SeaDinner/Bot/handlers.go:78.13,81.3 2 0
github.com/aaronangxz/SeaDinner/Bot/handlers.go:85.21,86.28 1 2
github.com/aaronangxz/SeaDinner/Bot/handlers.go:86.28,88.4 1 2
github.com/aaronangxz/SeaDinner/Bot/handlers.go:88.9,90.4 1 0
github.com/aaronangxz/SeaDinner/Bot/handlers.go:91.8,94.17 3 1
github.com/aaronangxz/SeaDinner/Bot/handlers.go:94.17,96.4 1 0
github.com/aaronangxz/SeaDinner/Bot/handlers.go:96.9,99.4 2 1
github.com/aaronangxz/SeaDinner/Bot/handlers.go:103.126,105.3 1 1
github.com/aaronangxz/SeaDinner/Bot/handlers.go:105.8,108.17 2 1
github.com/aaronangxz/SeaDinner/Bot/handlers.go:112.3,112.82 1 1
github.com/aaronangxz/SeaDinner/Bot/handlers.go:118.3,118.151 1 1
github.com/aaronangxz/SeaDinner/Bot/handlers.go:108.17,110.4 1 0
github.com/aaronangxz/SeaDinner/Bot/handlers.go:112.82,114.4 1 0
github.com/aaronangxz/SeaDinner/Bot/handlers.go:114.9,116.4 1 1
github.com/aaronangxz/SeaDinner/Bot/handlers.go:124.51,138.13 3 4
github.com/aaronangxz/SeaDinner/Bot/handlers.go:143.2,143.13 1 4
github.com/aaronangxz/SeaDinner/Bot/handlers.go:148.2,148.18 1 3
github.com/aaronangxz/SeaDinner/Bot/handlers.go:153.2,153.122 1 2
github.com/aaronangxz/SeaDinner/Bot/handlers.go:138.13,141.3 2 0
github.com/aaronangxz/SeaDinner/Bot/handlers.go:143.13,146.3 2 1
github.com/aaronangxz/SeaDinner/Bot/handlers.go:148.18,151.3 2 1
github.com/aaronangxz/SeaDinner/Bot/handlers.go:153.122,156.3 2 0
github.com/aaronangxz/SeaDinner/Bot/handlers.go:156.8,157.35 1 2
github.com/aaronangxz/SeaDinner/Bot/handlers.go:165.3,165.153 1 1
github.com/aaronangxz/SeaDinner/Bot/handlers.go:171.3,171.74 1 1
github.com/aaronangxz/SeaDinner/Bot/handlers.go:174.3,176.68 2 1
github.com/aaronangxz/SeaDinner/Bot/handlers.go:157.35,158.91 1 1
github.com/aaronangxz/SeaDinner/Bot/handlers.go:162.4,162.61 1 1
github.com/aaronangxz/SeaDinner/Bot/handlers.go:158.91,161.5 2 0
github.com/aaronangxz/SeaDinner/Bot/handlers.go:165.153,168.4 2 0
github.com/aaronangxz/SeaDinner/Bot/handlers.go:171.74,173.4 1 0
github.com/aaronangxz/SeaDinner/Bot/handlers.go:181.42,186.13 2 5
github.com/aaronangxz/SeaDinner/Bot/handlers.go:191.2,191.125 1 4
github.com/aaronangxz/SeaDinner/Bot/handlers.go:186.13,189.3 2 1
github.com/aaronangxz/SeaDinner/Bot/handlers.go:191.125,193.3 1 0
github.com/aaronangxz/SeaDinner/Bot/handlers.go:193.8,194.39 1 4
github.com/aaronangxz/SeaDinner/Bot/handlers.go:199.3,203.10 3 2
github.com/aaronangxz/SeaDinner/Bot/handlers.go:206.3,206.150 1 1
github.com/aaronangxz/SeaDinner/Bot/handlers.go:194.39,196.4 1 1
github.com/aaronangxz/SeaDinner/Bot/handlers.go:196.9,196.52 1 3
github.com/aaronangxz/SeaDinner/Bot/handlers.go:196.52,198.4 1 1
github.com/aaronangxz/SeaDinner/Bot/handlers.go:203.10,205.4 1 1
github.com/aaronangxz/SeaDinner/Bot/handlers.go:212.50,223.13 2 7
github.com/aaronangxz/SeaDinner/Bot/handlers.go:229.2,229.107 1 6
github.com/aaronangxz/SeaDinner/Bot/handlers.go:233.2,233.31 1 6
github.com/aaronangxz/SeaDinner/Bot/handlers.go:237.2,240.9 3 4
github.com/aaronangxz/SeaDinner/Bot/handlers.go:245.2,245.125 1 3
github.com/aaronangxz/SeaDinner/Bot/handlers.go:223.13,226.3 2 1
github.com/aaronangxz/SeaDinner/Bot/handlers.go:229.107,231.3 1 0
github.com/aaronangxz/SeaDinner/Bot/handlers.go:233.31,236.3 2 2
github.com/aaronangxz/SeaDinner/Bot/handlers.go:240.9,243.3 2 1
github.com/aaronangxz/SeaDinner/Bot/handlers.go:245.125,248.3 2 0
github.com/aaronangxz/SeaDinner/Bot/handlers.go:248.8,249.35 1 3
github.com/aaronangxz/SeaDinner/Bot/handlers.go:268.3,268.151 1 3
github.com/aaronangxz/SeaDinner/Bot/handlers.go:274.3,274.16 1 3
github.com/aaronangxz/SeaDinner/Bot/handlers.go:279.3,279.59 1 2
github.com/aaronangxz/SeaDinner/Bot/handlers.go:283.3,283.89 1 0
github.com/aaronangxz/SeaDinner/Bot/handlers.go:249.35,250.94 1 0
github.com/aaronangxz/SeaDinner/Bot/handlers.go:256.4,256.17 1 0
github.com/aaronangxz/SeaDinner/Bot/handlers.go:261.4,261.60 1 0
github.com/aaronangxz/SeaDinner/Bot/handlers.go:265.4,265.90 1 0
github.com/aaronangxz/SeaDinner/Bot/handlers.go:250.94,253.5 2 0
github.com/aaronangxz/SeaDinner/Bot/handlers.go:256.17,258.5 1 0
github.com/aaronangxz/SeaDinner/Bot/handlers.go:261.60,263.5 1 0
github.com/aaronangxz/SeaDinner/Bot/handlers.go:268.151,271.4 2 0
github.com/aaronangxz/SeaDinner/Bot/handlers.go:274.16,276.4 1 1
github.com/aaronangxz/SeaDinner/Bot/handlers.go:279.59,281.4 1 2
github.com/aaronangxz/SeaDinner/Bot/handlers.go:290.47,295.13 2 0
github.com/aaronangxz/SeaDinner/Bot/handlers.go:300.2,300.254 1 0
github.com/aaronangxz/SeaDinner/Bot/handlers.go:305.2,305.23 1 0
github.com/aaronangxz/SeaDinner/Bot/handlers.go:309.2,311.51 2 0
github.com/aaronangxz/SeaDinner/Bot/handlers.go:314.2,314.77 1 0
github.com/aaronangxz/SeaDinner/Bot/handlers.go:295.13,298.3 2 0
github.com/aaronangxz/SeaDinner/Bot/handlers.go:300.254,303.3 2 0
github.com/aaronangxz/SeaDinner/Bot/handlers.go:305.23,307.3 1 0
github.com/aaronangxz/SeaDinner/Bot/handlers.go:311.51,313.3 1 0
github.com/aaronangxz/SeaDinner/Bot/handlers.go:318.48,325.13 3 0
github.com/aaronangxz/SeaDinner/Bot/handlers.go:330.2,330.155 1 0
github.com/aaronangxz/SeaDinner/Bot/handlers.go:335.2,335.16 1 0
github.com/aaronangxz/SeaDinner/Bot/handlers.go:338.2,338.39 1 0
github.com/aaronangxz/SeaDinner/Bot/handlers.go:325.13,328.3 2 0
github.com/aaronangxz/SeaDinner/Bot/handlers.go:330.155,333.3 2 0
github.com/aaronangxz/SeaDinner/Bot/handlers.go:335.16,337.3 1 0
github.com/aaronangxz/SeaDinner/Bot/handlers.go:342.72,349.27 7 0
github.com/aaronangxz/SeaDinner/Bot/handlers.go:352.2,353.23 2 0
github.com/aaronangxz/SeaDinner/Bot/handlers.go:349.27,351.3 1 0
github.com/aaronangxz/SeaDinner/Bot/handlers.go:357.54,366.32 2 0
github.com/aaronangxz/SeaDinner/Bot/handlers.go:370.2,371.12 2 0
github.com/aaronangxz/SeaDinner/Bot/handlers.go:366.32,369.3 2 0
github.com/aaronangxz/SeaDinner/Bot/handlers.go:376.26,381.16 3 0
github.com/aaronangxz/SeaDinner/Bot/handlers.go:384.2,391.24 6 0
github.com/aaronangxz/SeaDinner/Bot/handlers.go:381.16,383.3 1 0
github.com/aaronangxz/SeaDinner/Bot/handlers.go:391.24,392.50 1 0
github.com/aaronangxz/SeaDinner/Bot/handlers.go:398.3,398.78 1 0
github.com/aaronangxz/SeaDinner/Bot/handlers.go:392.50,394.4 1 0
github.com/aaronangxz/SeaDinner/Bot/handlers.go:394.9,396.4 1 0
github.com/aaronangxz/SeaDinner/Bot/handlers.go:398.78,400.4 1 0
github.com/aaronangxz/SeaDinner/Bot/handlers.go:405.41,409.92 2 0
github.com/aaronangxz/SeaDinner/Bot/handlers.go:413.2,415.12 3 0
github.com/aaronangxz/SeaDinner/Bot/handlers.go:409.92,412.3 2 0
github.com/aaronangxz/SeaDinner/Bot/handlers.go:419.21,421.16 2 0
github.com/aaronangxz/SeaDinner/Bot/handlers.go:424.2,432.24 6 0
github.com/aaronangxz/SeaDinner/Bot/handlers.go:421.16,423.3 1 0
github.com/aaronangxz/SeaDinner/Bot/handlers.go:432.24,433.32 1 0
github.com/aaronangxz/SeaDinner/Bot/handlers.go:437.3,439.10 3 0
github.com/aaronangxz/SeaDinner/Bot/handlers.go:451.3,451.78 1 0
github.com/aaronangxz/SeaDinner/Bot/handlers.go:433.32,435.12 2 0
github.com/aaronangxz/SeaDinner/Bot/handlers.go:439.10,441.4 1 0
github.com/aaronangxz/SeaDinner/Bot/handlers.go:441.9,442.33 1 0
github.com/aaronangxz/SeaDinner/Bot/handlers.go:442.33,444.67 1 0
github.com/aaronangxz/SeaDinner/Bot/handlers.go:444.67,446.6 1 0
github.com/aaronangxz/SeaDinner/Bot/handlers.go:446.11,448.6 1 0
github.com/aaronangxz/SeaDinner/Bot/handlers.go:451.78,453.4 1 0
github.com/aaronangxz/SeaDinner/Bot/handlers.go:458.42,464.35 4 6
github.com/aaronangxz/SeaDinner/Bot/handlers.go:468.2,470.16 2 6
github.com/aaronangxz/SeaDinner/Bot/handlers.go:464.35,466.3 1 72
github.com/aaronangxz/SeaDinner/Bot/handlers.go:474.42,480.35 4 0
github.com/aaronangxz/SeaDinner/Bot/handlers.go:483.2,483.16 1 0
github.com/aaronangxz/SeaDinner/Bot/handlers.go:480.35,482.3 1 0
github.com/aaronangxz/SeaDinner/Bot/handlers.go:487.86,490.2 2 0
github.com/aaronangxz/SeaDinner/Bot/models.go:10.37,11.33 1 0
github.com/aaronangxz/SeaDinner/Bot/models.go:14.2,14.10 1 0
github.com/aaronangxz/SeaDinner/Bot/models.go:11.33,13.3 1 0
github.com/aaronangxz/SeaDinner/Bot/models.go:17.39,18.34 1 2
github.com/aaronangxz/SeaDinner/Bot/models.go:21.2,21.11 1 0
github.com/aaronangxz/SeaDinner/Bot/models.go:18.34,20.3 1 2
github.com/aaronangxz/SeaDinner/Bot/models.go:24.36,25.32 1 0
github.com/aaronangxz/SeaDinner/Bot/models.go:28.2,28.10 1 0
github.com/aaronangxz/SeaDinner/Bot/models.go:25.32,27.3 1 0
github.com/aaronangxz/SeaDinner/Bot/models.go:30.36,31.32 1 2
github.com/aaronangxz/SeaDinner/Bot/models.go:34.2,34.10 1 0
github.com/aaronangxz/SeaDinner/Bot/models.go:31.32,33.3 1 2
github.com/aaronangxz/SeaDinner/Bot/models.go:44.40,45.33 1 0
github.com/aaronangxz/SeaDinner/Bot/models.go:48.2,48.10 1 0
github.com/aaronangxz/SeaDinner/Bot/models.go:45.33,47.3 1 0
github.com/aaronangxz/SeaDinner/Bot/models.go:51.45,52.37 1 7
github.com/aaronangxz/SeaDinner/Bot/models.go:55.2,55.11 1 0
github.com/aaronangxz/SeaDinner/Bot/models.go:52.37,54.3 1 7
github.com/aaronangxz/SeaDinner/Bot/models.go:58.39,59.32 1 0
github.com/aaronangxz/SeaDinner/Bot/models.go:62.2,62.10 1 0
github.com/aaronangxz/SeaDinner/Bot/models.go:59.32,61.3 1 0
github.com/aaronangxz/SeaDinner/Bot/models.go:64.39,65.32 1 0
github.com/aaronangxz/SeaDinner/Bot/models.go:68.2,68.10 1 0
github.com/aaronangxz/SeaDinner/Bot/models.go:65.32,67.3 1 0
github.com/aaronangxz/SeaDinner/Bot/models.go:80.37,81.33 1 0
github.com/aaronangxz/SeaDinner/Bot/models.go:84.2,84.10 1 0
github.com/aaronangxz/SeaDinner/Bot/models.go:81.33,83.3 1 0
github.com/aaronangxz/SeaDinner/Bot/models.go:87.38,88.33 1 0
github.com/aaronangxz/SeaDinner/Bot/models.go:91.2,91.11 1 0
github.com/aaronangxz/SeaDinner/Bot/models.go:88.33,90.3 1 0
github.com/aaronangxz/SeaDinner/Bot/models.go:94.40,95.36 1 0
github.com/aaronangxz/SeaDinner/Bot/models.go:98.2,98.10 1 0
github.com/aaronangxz/SeaDinner/Bot/models.go:95.36,97.3 1 0
github.com/aaronangxz/SeaDinner/Bot/models.go:101.37,102.33 1 0
github.com/aaronangxz/SeaDinner/Bot/models.go:105.2,105.10 1 0
github.com/aaronangxz/SeaDinner/Bot/models.go:102.33,104.3 1 0
github.com/aaronangxz/SeaDinner/Bot/models.go:108.40,109.35 1 0
github.com/aaronangxz/SeaDinner/Bot/models.go:112.2,112.11 1 0
github.com/aaronangxz/SeaDinner/Bot/models.go:109.35,111.3 1 0
